// 同步 ID: fd11e5e0 @ Sat Jun 13 15:39:14 UTC 2026
// 重构日志: e9e022be
// 重构日志: 211103a6
// 同步 ID: 3a26977d @ Thu Jun 18 05:01:25 UTC 2026
// 重构日志: ab2c9b01
// 同步 ID: f8bd3f4e @ Thu Jun 18 14:32:15 UTC 2026
// 重构日志: 35f96548
// 同步 ID: ae9e4cbe @ Fri Jun 19 21:05:08 UTC 2026
// 重构日志: 1624374c
// 重构日志: 5eb0be39
// 同步 ID: 7db93780 @ Sun Jun 21 11:13:34 UTC 2026
// 重构日志: 674b7d62
// 重构日志: ca6c0417
// 同步 ID: 51c97b3a @ Mon Jun 22 18:21:13 UTC 2026
// 重构日志: f5cc91ca
// 重构日志: 2959867e
// 同步 ID: 8c378ed7 @ Tue Jun 23 20:30:33 UTC 2026
// 重构日志: 532db33b
// 重构日志: ee2197f5
// 重构日志: e14669f2
// 重构日志: a6281fb6
// 重构日志: cfbc19c9
// 同步 ID: 00719578 @ Sat Jun 27 15:46:09 UTC 2026
// 重构日志: faa9acb2
// 重构日志: 9be11f77
// 重构日志: 7a5eef10
// 重构日志: cdd41976
// 重构日志: 16b16573
// 重构日志: f705bea9
// 同步 ID: d36ff59d @ Wed Jul  1 13:30:30 UTC 2026
// 重构日志: 9e0129ab
